0 info it worked if it ends with ok
1 verbose cli [ '/usr/local/bin/node',
1 verbose cli   '/usr/local/bin/npm',
1 verbose cli   'publish',
1 verbose cli   '--access=public' ]
2 info using npm@4.1.2
3 info using node@v7.5.0
4 verbose publish [ '.' ]
5 silly cache add args [ '.', null ]
6 verbose cache add spec .
7 silly cache add parsed spec Result {
7 silly cache add   raw: '.',
7 silly cache add   scope: null,
7 silly cache add   escapedName: null,
7 silly cache add   name: null,
7 silly cache add   rawSpec: '.',
7 silly cache add   spec: '/Users/OmarM/src/creacion-de-paquetes-npm-aitor-nestor-omar-35l2v3-1-square',
7 silly cache add   type: 'directory' }
8 verbose addLocalDirectory /Users/OmarM/.npm/@aitor-nestor-omar/ull-shape-square/1.1.0/package.tgz not in flight; packing
9 verbose correctMkdir /Users/OmarM/.npm correctMkdir not in flight; initializing
10 info lifecycle @aitor-nestor-omar/ull-shape-square@1.1.0~prepublish: @aitor-nestor-omar/ull-shape-square@1.1.0
11 silly lifecycle @aitor-nestor-omar/ull-shape-square@1.1.0~prepublish: no script for prepublish, continuing
12 info lifecycle @aitor-nestor-omar/ull-shape-square@1.1.0~prepare: @aitor-nestor-omar/ull-shape-square@1.1.0
13 silly lifecycle @aitor-nestor-omar/ull-shape-square@1.1.0~prepare: no script for prepare, continuing
14 verbose tar pack [ '/Users/OmarM/.npm/@aitor-nestor-omar/ull-shape-square/1.1.0/package.tgz',
14 verbose tar pack   '/Users/OmarM/src/creacion-de-paquetes-npm-aitor-nestor-omar-35l2v3-1-square' ]
15 verbose tarball /Users/OmarM/.npm/@aitor-nestor-omar/ull-shape-square/1.1.0/package.tgz
16 verbose folder /Users/OmarM/src/creacion-de-paquetes-npm-aitor-nestor-omar-35l2v3-1-square
17 verbose addLocalTarball adding from inside cache /Users/OmarM/.npm/@aitor-nestor-omar/ull-shape-square/1.1.0/package.tgz
18 verbose correctMkdir /Users/OmarM/.npm correctMkdir not in flight; initializing
19 silly cache afterAdd @aitor-nestor-omar/ull-shape-square@1.1.0
20 verbose afterAdd /Users/OmarM/.npm/@aitor-nestor-omar/ull-shape-square/1.1.0/package/package.json not in flight; writing
21 verbose correctMkdir /Users/OmarM/.npm correctMkdir not in flight; initializing
22 verbose afterAdd /Users/OmarM/.npm/@aitor-nestor-omar/ull-shape-square/1.1.0/package/package.json written
23 silly publish { name: '@aitor-nestor-omar/ull-shape-square',
23 silly publish   version: '1.1.0',
23 silly publish   description: 'Repositorio para el módulo npm de la figura geométrica square (aitor-nestor-omar)',
23 silly publish   main: 'index.js',
23 silly publish   scripts:
23 silly publish    { test: './node_modules/mocha/bin/mocha --require should',
23 silly publish      doc: 'documentation build ./lib/square.js -f html -o docs' },
23 silly publish   repository:
23 silly publish    { type: 'git',
23 silly publish      url: 'git+https://github.com/ozzrocker95/creacion-de-paquetes-npm-aitor-nestor-omar-35l2v3-1-square.git' },
23 silly publish   author: { name: 'Omar Mendo' },
23 silly publish   license: 'ISC',
23 silly publish   bugs: { url: 'https://github.com/ozzrocker95/creacion-de-paquetes-npm-aitor-nestor-omar-35l2v3-1-square/issues' },
23 silly publish   homepage: 'https://github.com/ozzrocker95/creacion-de-paquetes-npm-aitor-nestor-omar-35l2v3-1-square#readme',
23 silly publish   dependencies:
23 silly publish    { '@aitor-nestor-omar/ull-shape': '^1.0.2',
23 silly publish      'gulp-shell': '^0.6.3',
23 silly publish      mocha: '^3.2.0',
23 silly publish      should: '^11.2.1' },
23 silly publish   devDependencies: { gulp: '^3.9.1' },
23 silly publish   readme: '[![BuildStatus](https://travis-ci.com/ULL-ESIT-DSI-1617/creacion-de-paquetes-npm-aitor-nestor-omar-35l2v3-1-square.svg?token=4mFFxJ62xHhqbQqKMaQe&branch=master)](https://travis-ci.com/ULL-ESIT-DSI-1617/creacion-de-paquetes-npm-aitor-nestor-omar-35l2v3-1-square)\n[![AllContributors](https://img.shields.io/badge/all_contributors-1-blue.svg?style=flat-square)](#contributors)\n\n\n\n# Práctica: Creación de paquetes npm\nRepositorio para el módulo npm de la figura geométrica "square" (aitor-nestor-omar)\n\nEnlace a la [práctica](https://casianorodriguezleon.gitbooks.io/ull-esit-1617/content/practicas/practicamodulestrategypattern.html)\n\n### Creación del paquete npm Square\nPara poder crear paquetes y poder subirlos a [npm](https://www.npmjs.com/), debemos darnos de alta en la plataforma. Es recomendable logearse con el mismo ID de [GitHub](https://github.com/).\n\n* Una vez tengamos el código de la aplicación que queramos subir en forma de paquete funcionando correctamente y testeado, comprobaremos que nuestro ```package.json```esté completo.\n```json\n"name": "@aitor-nestor-omar/ull-shape-square",\n"version": "1.0.2",\n"description": "Repositorio para el módulo npm de la figura geométrica square (aitor-nestor-omar)",\n``` \n* Nos logeamos con nuestra cuenta de ```npm``` en nuestra terminal (sólo es necesario una vez por sesión)\n```shell\n$ npm adduser\n```\n* Para publicar el paquete, realizamos el siguiente comando dentro del repositorio donde tengamos el código del paquete que queremos subir.\n```shell\n$ npm publish\n```\n* Accedemos a nuestra cuenta de ```npm``` y observamos que nuestro paquete se ha subido correctamente.\n\n### Uso de documentation.js\n[Documentation.js](http://documentation.js.org/) es una herramienta generadora de documentación para JavaScript, con sintáxis [JSDoc](http://usejsdoc.org/).\n\n* Para hacer uso de esta herramienta, debemos instalarla en nuestra máquina de forma global a través del siguiente comando:\n```shell\n$ npm install -g documentation\n```\n* Una vez instalada, debemos especificar de dónde se cogeran los comentarios a convertir en documentación vía HTML y dónde se guardarán los archivos de la documentación. Para ello, lo especificamos de la siguiente forma en el ```package.json```:\n```json\n"scripts": {\n    "doc": "documentation build ./lib/square.js -f html -o docs"\n  },\n```\n* Para finalizar, realizaremos el siguiente comando para que la herramienta pueda coger estos comentarios y convertirlos en documentación web:\n```shell\n$ npm run doc\n```\n* Para ver la documentación, accederemos a los ```Settings``` del repositorio, al apartado de ```GitHub Pages``` y le diremos que el ```Source``` viene de ```master branch /docs folder```, guardamos y se desplegará nuestra documentación realizada con ```documentation.js``` en ```GitHub Pages```.\n\n![documentation.js en GH Pages](http://i.imgur.com/NaRweaQ.png)\n\n* Enlace a la documentación en [GH Pages](https://ull-esit-dsi-1617.github.io/creacion-de-paquetes-npm-aitor-nestor-omar-35l2v3-1-square/)\n\n### Autores de la práctica\n* [Aitor Bernal Falcón](https://chinegua.github.io/)\n* [Néstor García Moreno](https://nestor-gm.github.io/)\n* [Omar Mendo Mesa](https://ozzrocker95.github.io/)',
23 silly publish   readmeFilename: 'README.md',
23 silly publish   gitHead: 'b1f85fd9355567a6bd7a9810a5a29e36d534bda5',
23 silly publish   _id: '@aitor-nestor-omar/ull-shape-square@1.1.0',
23 silly publish   _shasum: 'b67c65c38fa2eee12b47220913d8ad1c611ea5f7',
23 silly publish   _from: '.' }
24 info lifecycle @aitor-nestor-omar/ull-shape-square@1.1.0~prepublishOnly: @aitor-nestor-omar/ull-shape-square@1.1.0
25 silly lifecycle @aitor-nestor-omar/ull-shape-square@1.1.0~prepublishOnly: no script for prepublishOnly, continuing
26 verbose getPublishConfig undefined
27 silly mapToRegistry name @aitor-nestor-omar/ull-shape-square
28 silly mapToRegistry scope (from package name) @aitor-nestor-omar
29 verbose mapToRegistry no registry URL found in name for scope @aitor-nestor-omar
30 silly mapToRegistry using default registry
31 silly mapToRegistry registry https://registry.npmjs.org/
32 silly mapToRegistry data Result {
32 silly mapToRegistry   raw: '@aitor-nestor-omar/ull-shape-square',
32 silly mapToRegistry   scope: '@aitor-nestor-omar',
32 silly mapToRegistry   escapedName: '@aitor-nestor-omar%2full-shape-square',
32 silly mapToRegistry   name: '@aitor-nestor-omar/ull-shape-square',
32 silly mapToRegistry   rawSpec: '',
32 silly mapToRegistry   spec: 'latest',
32 silly mapToRegistry   type: 'tag' }
33 silly mapToRegistry uri https://registry.npmjs.org/@aitor-nestor-omar%2full-shape-square
34 verbose publish registryBase https://registry.npmjs.org/
35 silly publish uploading /Users/OmarM/.npm/@aitor-nestor-omar/ull-shape-square/1.1.0/package.tgz
36 verbose request uri https://registry.npmjs.org/@aitor-nestor-omar%2full-shape-square
37 verbose request sending authorization for write operation
38 info attempt registry request try #1 at 21:27:20
39 verbose request using bearer token for auth
40 verbose request id 1c2681d98d7f40e0
41 http request PUT https://registry.npmjs.org/@aitor-nestor-omar%2full-shape-square
42 http 403 https://registry.npmjs.org/@aitor-nestor-omar%2full-shape-square
43 verbose headers { 'content-type': 'application/json',
43 verbose headers   'cache-control': 'max-age=0',
43 verbose headers   'content-length': '95',
43 verbose headers   'accept-ranges': 'bytes',
43 verbose headers   date: 'Wed, 26 Apr 2017 20:27:41 GMT',
43 verbose headers   via: '1.1 varnish',
43 verbose headers   connection: 'keep-alive',
43 verbose headers   'x-served-by': 'cache-mad9434-MAD',
43 verbose headers   'x-cache': 'MISS',
43 verbose headers   'x-cache-hits': '0',
43 verbose headers   'x-timer': 'S1493238441.573807,VS0,VE20529' }
44 verbose request invalidating /Users/OmarM/.npm/registry.npmjs.org/_40aitor-nestor-omar_252full-shape-square on PUT
45 error publish Failed PUT 403
46 verbose stack Error: "You cannot publish over the previously published version 1.1.0." : @aitor-nestor-omar/ull-shape-square
46 verbose stack     at makeError (/usr/local/lib/node_modules/npm/node_modules/npm-registry-client/lib/request.js:304:12)
46 verbose stack     at CachingRegistryClient.<anonymous> (/usr/local/lib/node_modules/npm/node_modules/npm-registry-client/lib/request.js:292:14)
46 verbose stack     at Request._callback (/usr/local/lib/node_modules/npm/node_modules/npm-registry-client/lib/request.js:212:14)
46 verbose stack     at Request.self.callback (/usr/local/lib/node_modules/npm/node_modules/request/request.js:186:22)
46 verbose stack     at emitTwo (events.js:106:13)
46 verbose stack     at Request.emit (events.js:192:7)
46 verbose stack     at Request.<anonymous> (/usr/local/lib/node_modules/npm/node_modules/request/request.js:1081:10)
46 verbose stack     at emitOne (events.js:96:13)
46 verbose stack     at Request.emit (events.js:189:7)
46 verbose stack     at IncomingMessage.<anonymous> (/usr/local/lib/node_modules/npm/node_modules/request/request.js:1001:12)
47 verbose statusCode 403
48 verbose pkgid @aitor-nestor-omar/ull-shape-square
49 verbose cwd /Users/OmarM/src/creacion-de-paquetes-npm-aitor-nestor-omar-35l2v3-1-square
50 error Darwin 16.5.0
51 error argv "/usr/local/bin/node" "/usr/local/bin/npm" "publish" "--access=public"
52 error node v7.5.0
53 error npm  v4.1.2
54 error code E403
55 error "You cannot publish over the previously published version 1.1.0." : @aitor-nestor-omar/ull-shape-square
56 error If you need help, you may report this error at:
56 error     <https://github.com/npm/npm/issues>
57 verbose exit [ 1, true ]
